<?xml version="1.0" encoding="UTF-8"?>
<!-- Generated by org.testng.reporters.JUnitXMLReporter -->
<testsuite hostname="LAPTOP-L45CF4AI" name="FirefoxTest" tests="1" failures="0" timestamp="3 May 2020 07:34:29 GMT" time="51.972" errors="0">
  <testcase name="@BeforeTest browser" time="0.0" classname="SeleniumWebDriver_3.CrossBrowserTesting">
    <failure type="org.openqa.selenium.WebDriverException" message="Failed to connect to binary FirefoxBinary(C:\Program Files\Mozilla Firefox\firefox.exe) on port 7055; process output follows: 
ive&amp;quot;:true,&amp;quot;userDisabled&amp;quot;:false,&amp;quot;appDisabled&amp;quot;:false,&amp;quot;descriptor&amp;quot;:&amp;quot;C:\\Program Files\\Mozilla Firefox\\browser\\extensions\\{972ce4c6-7e08-4474-a285-3208198ce6fd}.xpi&amp;quot;,&amp;quot;installDate&amp;quot;:1587785523751,&amp;quot;updateDate&amp;quot;:1587785523751,&amp;quot;applyBackgroundUpdates&amp;quot;:1,&amp;quot;skinnable&amp;quot;:true,&amp;quot;size&amp;quot;:22012,&amp;quot;sourceURI&amp;quot;:null,&amp;quot;releaseNotesURI&amp;quot;:null,&amp;quot;softDisabled&amp;quot;:false,&amp;quot;foreignInstall&amp;quot;:false,&amp;quot;hasBinaryComponents&amp;quot;:false,&amp;quot;strictCompatibility&amp;quot;:true,&amp;quot;locales&amp;quot;:[],&amp;quot;targetApplications&amp;quot;:[{&amp;quot;id&amp;quot;:&amp;quot;{ec8030f7-c20a-464f-9b0e-13a3a9e97384}&amp;quot;,&amp;quot;minVersion&amp;quot;:&amp;quot;47.0.2&amp;quot;,&amp;quot;maxVersion&amp;quot;:&amp;quot;47.0.2&amp;quot;}],&amp;quot;targetPlatforms&amp;quot;:[],&amp;quot;seen&amp;quot;:true}
1588491243654	addons.xpi	DEBUG	getModTime: Recursive scan of {972ce4c6-7e08-4474-a285-3208198ce6fd}
1588491243655	DeferredSave.extensions.json	DEBUG	Save changes
1588491243655	addons.xpi	DEBUG	Updating database with changes to installed add-ons
1588491243656	addons.xpi-utils	DEBUG	Updating add-on states
1588491243657	addons.xpi-utils	DEBUG	Writing add-ons list
1588491243661	addons.xpi	DEBUG	Registering manifest for C:\Program Files\Mozilla Firefox\browser\features\e10srollout@mozilla.org.xpi
1588491243662	addons.xpi	DEBUG	Calling bootstrap method startup on e10srollout@mozilla.org version 1.0
1588491243662	addons.xpi	DEBUG	Registering manifest for C:\Program Files\Mozilla Firefox\browser\features\firefox@getpocket.com.xpi
1588491243662	addons.xpi	DEBUG	Calling bootstrap method startup on firefox@getpocket.com version 1.0.2
1588491243663	addons.xpi	DEBUG	Registering manifest for C:\Program Files\Mozilla Firefox\browser\features\loop@mozilla.org.xpi
1588491243664	addons.xpi	DEBUG	Calling bootstrap method startup on loop@mozilla.org version 1.3.2
1588491243948	addons.xpi	DEBUG	Registering manifest for C:\Program Files\Mozilla Firefox\browser\features\websensehelper@mozilla.org.xpi
1588491243949	addons.xpi	DEBUG	Calling bootstrap method startup on websensehelper@mozilla.org version 1.0
1588491243952	addons.manager	DEBUG	Registering shutdown blocker for XPIProvider
1588491243952	addons.manager	DEBUG	Provider finished startup: XPIProvider
1588491243952	addons.manager	DEBUG	Starting provider: LightweightThemeManager
1588491243952	addons.manager	DEBUG	Registering shutdown blocker for LightweightThemeManager
1588491243952	addons.manager	DEBUG	Provider finished startup: LightweightThemeManager
1588491243953	addons.manager	DEBUG	Starting provider: GMPProvider
1588491243993	addons.manager	DEBUG	Registering shutdown blocker for GMPProvider
1588491243993	addons.manager	DEBUG	Provider finished startup: GMPProvider
1588491243993	addons.manager	DEBUG	Starting provider: PluginProvider
1588491243993	addons.manager	DEBUG	Registering shutdown blocker for PluginProvider
1588491243994	addons.manager	DEBUG	Provider finished startup: PluginProvider
1588491243994	addons.manager	DEBUG	Completed startup sequence
[GFX1]: Potential driver version mismatch ignored due to missing DLLs 0.0.0.0 and 0.0.0.0
1588491249958	addons.manager	DEBUG	Starting provider: &amp;lt;unnamed-provider&amp;gt;
1588491249958	addons.manager	DEBUG	Registering shutdown blocker for &amp;lt;unnamed-provider&amp;gt;
1588491249958	addons.manager	DEBUG	Provider finished startup: &amp;lt;unnamed-provider&amp;gt;
1588491254549	DeferredSave.extensions.json	DEBUG	Write succeeded
1588491254549	addons.xpi-utils	DEBUG	XPI Database saved, setting schema version preference to 17
1588491254549	DeferredSave.extensions.json	DEBUG	Starting timer
1588491254570	DeferredSave.extensions.json	DEBUG	Starting write
1588491256813	addons.repository	DEBUG	No addons.json found.
1588491256939	DeferredSave.addons.json	DEBUG	Save changes
1588491256965	DeferredSave.addons.json	DEBUG	Starting timer
1588491257903	addons.manager	DEBUG	Starting provider: PreviousExperimentProvider
1588491257903	addons.manager	DEBUG	Registering shutdown blocker for PreviousExperimentProvider
1588491257903	addons.manager	DEBUG	Provider finished startup: PreviousExperimentProvider
1588491259003	DeferredSave.addons.json	DEBUG	Starting write
1588491260974	DeferredSave.extensions.json	DEBUG	Write succeeded
1588491263537	DeferredSave.addons.json	DEBUG	Write succeeded

Build info: version: &amp;apos;2.53.0&amp;apos;, revision: &amp;apos;35ae25b&amp;apos;, time: &amp;apos;2016-03-15 17:00:58&amp;apos;
System info: host: &amp;apos;LAPTOP-L45CF4AI&amp;apos;, ip: &amp;apos;192.168.42.252&amp;apos;, os.name: &amp;apos;Windows 10&amp;apos;, os.arch: &amp;apos;amd64&amp;apos;, os.version: &amp;apos;10.0&amp;apos;, java.version: &amp;apos;1.8.0_241&amp;apos;
Driver info: driver.version: FirefoxDriver">
      <![CDATA[org.openqa.selenium.WebDriverException: Failed to connect to binary FirefoxBinary(C:\Program Files\Mozilla Firefox\firefox.exe) on port 7055; process output follows: 
ive":true,"userDisabled":false,"appDisabled":false,"descriptor":"C:\\Program Files\\Mozilla Firefox\\browser\\extensions\\{972ce4c6-7e08-4474-a285-3208198ce6fd}.xpi","installDate":1587785523751,"updateDate":1587785523751,"applyBackgroundUpdates":1,"skinnable":true,"size":22012,"sourceURI":null,"releaseNotesURI":null,"softDisabled":false,"foreignInstall":false,"hasBinaryComponents":false,"strictCompatibility":true,"locales":[],"targetApplications":[{"id":"{ec8030f7-c20a-464f-9b0e-13a3a9e97384}","minVersion":"47.0.2","maxVersion":"47.0.2"}],"targetPlatforms":[],"seen":true}
1588491243654	addons.xpi	DEBUG	getModTime: Recursive scan of {972ce4c6-7e08-4474-a285-3208198ce6fd}
1588491243655	DeferredSave.extensions.json	DEBUG	Save changes
1588491243655	addons.xpi	DEBUG	Updating database with changes to installed add-ons
1588491243656	addons.xpi-utils	DEBUG	Updating add-on states
1588491243657	addons.xpi-utils	DEBUG	Writing add-ons list
1588491243661	addons.xpi	DEBUG	Registering manifest for C:\Program Files\Mozilla Firefox\browser\features\e10srollout@mozilla.org.xpi
1588491243662	addons.xpi	DEBUG	Calling bootstrap method startup on e10srollout@mozilla.org version 1.0
1588491243662	addons.xpi	DEBUG	Registering manifest for C:\Program Files\Mozilla Firefox\browser\features\firefox@getpocket.com.xpi
1588491243662	addons.xpi	DEBUG	Calling bootstrap method startup on firefox@getpocket.com version 1.0.2
1588491243663	addons.xpi	DEBUG	Registering manifest for C:\Program Files\Mozilla Firefox\browser\features\loop@mozilla.org.xpi
1588491243664	addons.xpi	DEBUG	Calling bootstrap method startup on loop@mozilla.org version 1.3.2
1588491243948	addons.xpi	DEBUG	Registering manifest for C:\Program Files\Mozilla Firefox\browser\features\websensehelper@mozilla.org.xpi
1588491243949	addons.xpi	DEBUG	Calling bootstrap method startup on websensehelper@mozilla.org version 1.0
1588491243952	addons.manager	DEBUG	Registering shutdown blocker for XPIProvider
1588491243952	addons.manager	DEBUG	Provider finished startup: XPIProvider
1588491243952	addons.manager	DEBUG	Starting provider: LightweightThemeManager
1588491243952	addons.manager	DEBUG	Registering shutdown blocker for LightweightThemeManager
1588491243952	addons.manager	DEBUG	Provider finished startup: LightweightThemeManager
1588491243953	addons.manager	DEBUG	Starting provider: GMPProvider
1588491243993	addons.manager	DEBUG	Registering shutdown blocker for GMPProvider
1588491243993	addons.manager	DEBUG	Provider finished startup: GMPProvider
1588491243993	addons.manager	DEBUG	Starting provider: PluginProvider
1588491243993	addons.manager	DEBUG	Registering shutdown blocker for PluginProvider
1588491243994	addons.manager	DEBUG	Provider finished startup: PluginProvider
1588491243994	addons.manager	DEBUG	Completed startup sequence
[GFX1]: Potential driver version mismatch ignored due to missing DLLs 0.0.0.0 and 0.0.0.0
1588491249958	addons.manager	DEBUG	Starting provider: <unnamed-provider>
1588491249958	addons.manager	DEBUG	Registering shutdown blocker for <unnamed-provider>
1588491249958	addons.manager	DEBUG	Provider finished startup: <unnamed-provider>
1588491254549	DeferredSave.extensions.json	DEBUG	Write succeeded
1588491254549	addons.xpi-utils	DEBUG	XPI Database saved, setting schema version preference to 17
1588491254549	DeferredSave.extensions.json	DEBUG	Starting timer
1588491254570	DeferredSave.extensions.json	DEBUG	Starting write
1588491256813	addons.repository	DEBUG	No addons.json found.
1588491256939	DeferredSave.addons.json	DEBUG	Save changes
1588491256965	DeferredSave.addons.json	DEBUG	Starting timer
1588491257903	addons.manager	DEBUG	Starting provider: PreviousExperimentProvider
1588491257903	addons.manager	DEBUG	Registering shutdown blocker for PreviousExperimentProvider
1588491257903	addons.manager	DEBUG	Provider finished startup: PreviousExperimentProvider
1588491259003	DeferredSave.addons.json	DEBUG	Starting write
1588491260974	DeferredSave.extensions.json	DEBUG	Write succeeded
1588491263537	DeferredSave.addons.json	DEBUG	Write succeeded

Build info: version: '2.53.0', revision: '35ae25b', time: '2016-03-15 17:00:58'
System info: host: 'LAPTOP-L45CF4AI', ip: '192.168.42.252', os.name: 'Windows 10', os.arch: 'amd64', os.version: '10.0', java.version: '1.8.0_241'
Driver info: driver.version: FirefoxDriver
	at org.openqa.selenium.firefox.internal.NewProfileExtensionConnection.start(NewProfileExtensionConnection.java:124)
	at org.openqa.selenium.firefox.FirefoxDriver.startClient(FirefoxDriver.java:271)
	at org.openqa.selenium.remote.RemoteWebDriver.<init>(RemoteWebDriver.java:119)
	at org.openqa.selenium.firefox.FirefoxDriver.<init>(FirefoxDriver.java:218)
	at org.openqa.selenium.firefox.FirefoxDriver.<init>(FirefoxDriver.java:211)
	at org.openqa.selenium.firefox.FirefoxDriver.<init>(FirefoxDriver.java:207)
	at org.openqa.selenium.firefox.FirefoxDriver.<init>(FirefoxDriver.java:120)
	at SeleniumWebDriver_3.CrossBrowserTesting.browser(CrossBrowserTesting.java:25)
	at java.util.concurrent.FutureTask.run(FutureTask.java:266)
	at java.util.concurrent.ThreadPoolExecutor.runWorker(ThreadPoolExecutor.java:1149)
	at java.util.concurrent.ThreadPoolExecutor$Worker.run(ThreadPoolExecutor.java:624)
	at java.lang.Thread.run(Thread.java:748)
Caused by: org.openqa.selenium.firefox.NotConnectedException: Unable to connect to host 127.0.0.1 on port 7055 after 45000 ms. Firefox console output:
ive":true,"userDisabled":false,"appDisabled":false,"descriptor":"C:\\Program Files\\Mozilla Firefox\\browser\\extensions\\{972ce4c6-7e08-4474-a285-3208198ce6fd}.xpi","installDate":1587785523751,"updateDate":1587785523751,"applyBackgroundUpdates":1,"skinnable":true,"size":22012,"sourceURI":null,"releaseNotesURI":null,"softDisabled":false,"foreignInstall":false,"hasBinaryComponents":false,"strictCompatibility":true,"locales":[],"targetApplications":[{"id":"{ec8030f7-c20a-464f-9b0e-13a3a9e97384}","minVersion":"47.0.2","maxVersion":"47.0.2"}],"targetPlatforms":[],"seen":true}
1588491243654	addons.xpi	DEBUG	getModTime: Recursive scan of {972ce4c6-7e08-4474-a285-3208198ce6fd}
1588491243655	DeferredSave.extensions.json	DEBUG	Save changes
1588491243655	addons.xpi	DEBUG	Updating database with changes to installed add-ons
1588491243656	addons.xpi-utils	DEBUG	Updating add-on states
1588491243657	addons.xpi-utils	DEBUG	Writing add-ons list
1588491243661	addons.xpi	DEBUG	Registering manifest for C:\Program Files\Mozilla Firefox\browser\features\e10srollout@mozilla.org.xpi
1588491243662	addons.xpi	DEBUG	Calling bootstrap method startup on e10srollout@mozilla.org version 1.0
1588491243662	addons.xpi	DEBUG	Registering manifest for C:\Program Files\Mozilla Firefox\browser\features\firefox@getpocket.com.xpi
1588491243662	addons.xpi	DEBUG	Calling bootstrap method startup on firefox@getpocket.com version 1.0.2
1588491243663	addons.xpi	DEBUG	Registering manifest for C:\Program Files\Mozilla Firefox\browser\features\loop@mozilla.org.xpi
1588491243664	addons.xpi	DEBUG	Calling bootstrap method startup on loop@mozilla.org version 1.3.2
1588491243948	addons.xpi	DEBUG	Registering manifest for C:\Program Files\Mozilla Firefox\browser\features\websensehelper@mozilla.org.xpi
1588491243949	addons.xpi	DEBUG	Calling bootstrap method startup on websensehelper@mozilla.org version 1.0
1588491243952	addons.manager	DEBUG	Registering shutdown blocker for XPIProvider
1588491243952	addons.manager	DEBUG	Provider finished startup: XPIProvider
1588491243952	addons.manager	DEBUG	Starting provider: LightweightThemeManager
1588491243952	addons.manager	DEBUG	Registering shutdown blocker for LightweightThemeManager
1588491243952	addons.manager	DEBUG	Provider finished startup: LightweightThemeManager
1588491243953	addons.manager	DEBUG	Starting provider: GMPProvider
1588491243993	addons.manager	DEBUG	Registering shutdown blocker for GMPProvider
1588491243993	addons.manager	DEBUG	Provider finished startup: GMPProvider
1588491243993	addons.manager	DEBUG	Starting provider: PluginProvider
1588491243993	addons.manager	DEBUG	Registering shutdown blocker for PluginProvider
1588491243994	addons.manager	DEBUG	Provider finished startup: PluginProvider
1588491243994	addons.manager	DEBUG	Completed startup sequence
[GFX1]: Potential driver version mismatch ignored due to missing DLLs 0.0.0.0 and 0.0.0.0
1588491249958	addons.manager	DEBUG	Starting provider: <unnamed-provider>
1588491249958	addons.manager	DEBUG	Registering shutdown blocker for <unnamed-provider>
1588491249958	addons.manager	DEBUG	Provider finished startup: <unnamed-provider>
1588491254549	DeferredSave.extensions.json	DEBUG	Write succeeded
1588491254549	addons.xpi-utils	DEBUG	XPI Database saved, setting schema version preference to 17
1588491254549	DeferredSave.extensions.json	DEBUG	Starting timer
1588491254570	DeferredSave.extensions.json	DEBUG	Starting write
1588491256813	addons.repository	DEBUG	No addons.json found.
1588491256939	DeferredSave.addons.json	DEBUG	Save changes
1588491256965	DeferredSave.addons.json	DEBUG	Starting timer
1588491257903	addons.manager	DEBUG	Starting provider: PreviousExperimentProvider
1588491257903	addons.manager	DEBUG	Registering shutdown blocker for PreviousExperimentProvider
1588491257903	addons.manager	DEBUG	Provider finished startup: PreviousExperimentProvider
1588491259003	DeferredSave.addons.json	DEBUG	Starting write
1588491260974	DeferredSave.extensions.json	DEBUG	Write succeeded
1588491263537	DeferredSave.addons.json	DEBUG	Write succeeded

	at org.openqa.selenium.firefox.internal.NewProfileExtensionConnection.start(NewProfileExtensionConnection.java:112)
	... 25 more
... Removed 14 stack frames]]>
    </failure>
  </testcase> <!-- @BeforeTest browser -->
  <testcase name="verifyTitle" time="0.0" classname="SeleniumWebDriver_3.CrossBrowserTesting">
    <skipped/>
  </testcase> <!-- verifyTitle -->
</testsuite> <!-- FirefoxTest -->
