<?xml version="1.0" encoding="UTF-8"?>
<!-- Generated by org.testng.reporters.JUnitXMLReporter -->
<testsuite hostname="LAPTOP-L45CF4AI" ignored="1" name="Test1" tests="4" failures="0" timestamp="30 Jun 2020 02:59:14 GMT" time="23.44" errors="0">
  <testcase name="chromeDocker" time="0.006" classname="SeleniumGridwithBrowserstack.testcase1"/>
  <testcase name="chromeDockerZal" time="0.002" classname="SeleniumGridwithBrowserstack.testcase1"/>
  <testcase name="firefoxDocker" time="0.001" classname="SeleniumGridwithBrowserstack.testcase2"/>
  <testcase name="firefoxDockerzal" time="0.001" classname="SeleniumGridwithBrowserstack.testcase2"/>
  <testcase name="@BeforeTest startBrowser" time="0.0" classname="SeleniumGridwithBrowserstack.setupz">
    <ignored/>
  </testcase> <!-- @BeforeTest startBrowser -->
</testsuite> <!-- Test1 -->
